Arguments: 
  /opt/homebrew/Cellar/node/18.2.0/bin/node /opt/homebrew/bin/yarn

PATH: 
  /Users/sakshamgupta/miniforge3/bin:/Users/sakshamgupta/miniforge3/condabin:/Library/Frameworks/Python.framework/Versions/3.9/bin:/opt/homebrew/bin:/opt/homebrew/sbin:/usr/local/bin:/usr/bin:/bin:/usr/sbin:/sbin:/Library/Apple/usr/bin

Yarn version: 
  1.22.10

Node version: 
  18.2.0

Platform: 
  darwin arm64

Trace: 
  SyntaxError: /Users/sakshamgupta/Desktop/wegorestart/Tailgate/package.json: Unexpected token } in JSON at position 1968
      at JSON.parse (<anonymous>)
      at /opt/homebrew/lib/node_modules/yarn/lib/cli.js:1625:59
      at Generator.next (<anonymous>)
      at step (/opt/homebrew/lib/node_modules/yarn/lib/cli.js:310:30)
      at /opt/homebrew/lib/node_modules/yarn/lib/cli.js:321:13

npm manifest: 
  {
    "scripts": {
      "start": "expo start --dev-client",
      "android": "expo run:android",
      "ios": "expo run:ios",
      "web": "expo start --web",
      "eject": "expo eject"
    },
    "dependencies": {
      "@babel/preset-env": "^7.1.6",
      "@react-native-community/google-signin": "^5.0.0",
      "@react-navigation/native": "^6.0.6",
      "@react-navigation/native-stack": "^6.2.4",
      "antd": "^4.17.2",
      "autoprefixer": "^10.0.2",
      "axios": "^0.24.0",
      "deprecated-react-native-prop-types": "^2.3.0",
      "eas-cli": "^0.48.2",
      "expo": "46.0.0",
      "expo-apple-authentication": "~4.3.0",
      "expo-auth-session": "~3.7.1",
      "expo-crypto": "~11.0.0",
      "expo-dev-client": "~1.3.1",
      "expo-location": "~14.3.0",
      "expo-modules-autolinking": "~0.10.1",
      "expo-modules-core": "~0.11.8",
      "expo-permissions": "~13.2.0",
      "expo-random": "~12.3.0",
      "expo-splash-screen": "~0.16.2",
      "expo-status-bar": "~1.4.0",
      "expo-updates": "~0.14.6",
      "expo-web-browser": "~11.0.0",
      "firebase": "^8.2.3",
      "postcss": "^8.1.0",
      "prop-types": "^15.8.1",
      "react": "18.0.0",
      "react-dom": "18.0.0",
      "react-native": "0.69.6",
      "react-native-elements": "^3.4.2",
      "react-native-google-places-autocomplete": "^2.4.1",
      "react-native-maps": "0.31.1",
      "react-native-maps-directions": "^1.8.0",
      "react-native-reanimated": "~2.9.1",
      "react-native-safe-area-context": "4.3.1",
      "react-native-screens": "~3.15.0",
      "react-native-svg": "12.3.0",
      "react-native-tailwindcss": "^1.1.11",
      "react-native-unimodules": "0.14.10",
      "react-native-uuid": "^2.0.1",
      "react-native-vector-icons": "^9.2.0",
      "react-native-web": "~0.18.7",
      "react-navigation": "^4.4.4",
      "tailwind-react-native-classnames": "^1.5.1",
      "uglify-es": "3.2.2"
    },
    "resolutions": {
      "expo-modules-autolinking": "~0.10.1",
      "@expo/config-plugins": "5.0.0",
      "@expo/prebuild-config": "5.0.1",
      ""
    },
    "devDependencies": {
      "@babel/core": "^7.18.6"
    },
    "private": true,
    "name": "Tailgate",
    "version": "1.0.0"
  }

yarn manifest: 
  No manifest

Lockfile: 
  No lockfile
